Performing C SOURCE FILE Test CMAKE_HAVE_LIBC_PTHREAD failed with the following output:
Change Dir: /home/zdunek/Desktop/Bank-managment-system/build/CMakeFiles/CMakeTmp

Run Build Command(s):/usr/bin/gmake cmTC_47108/fast && /usr/bin/gmake  -f CMakeFiles/cmTC_47108.dir/build.make CMakeFiles/cmTC_47108.dir/build
gmake[1]: Entering directory '/home/zdunek/Desktop/Bank-managment-system/build/CMakeFiles/CMakeTmp'
Building C object CMakeFiles/cmTC_47108.dir/src.c.o
/bin/x86_64-redhat-linux-gcc-9   -DCMAKE_HAVE_LIBC_PTHREAD -fPIE   -o CMakeFiles/cmTC_47108.dir/src.c.o   -c /home/zdunek/Desktop/Bank-managment-system/build/CMakeFiles/CMakeTmp/src.c
Linking C executable cmTC_47108
/usr/bin/cmake -E cmake_link_script CMakeFiles/cmTC_47108.dir/link.txt --verbose=1
/bin/x86_64-redhat-linux-gcc-9  -DCMAKE_HAVE_LIBC_PTHREAD    -rdynamic CMakeFiles/cmTC_47108.dir/src.c.o  -o cmTC_47108 
/usr/bin/ld: CMakeFiles/cmTC_47108.dir/src.c.o: in function `main':
src.c:(.text+0x2f): undefined reference to `pthread_create'
/usr/bin/ld: src.c:(.text+0x3b): undefined reference to `pthread_detach'
/usr/bin/ld: src.c:(.text+0x47): undefined reference to `pthread_cancel'
/usr/bin/ld: src.c:(.text+0x58): undefined reference to `pthread_join'
collect2: error: ld returned 1 exit status
gmake[1]: *** [CMakeFiles/cmTC_47108.dir/build.make:107: cmTC_47108] Error 1
gmake[1]: Leaving directory '/home/zdunek/Desktop/Bank-managment-system/build/CMakeFiles/CMakeTmp'
gmake: *** [Makefile:141: cmTC_47108/fast] Error 2


Source file was:
#include <pthread.h>

void* test_func(void* data)
{
  return data;
}

int main(void)
{
  pthread_t thread;
  pthread_create(&thread, NULL, test_func, NULL);
  pthread_detach(thread);
  pthread_cancel(thread);
  pthread_join(thread, NULL);
  pthread_atfork(NULL, NULL, NULL);
  pthread_exit(NULL);

  return 0;
}

Determining if the function pthread_create exists in the pthreads failed with the following output:
Change Dir: /home/zdunek/Desktop/Bank-managment-system/build/CMakeFiles/CMakeTmp

Run Build Command(s):/usr/bin/gmake cmTC_624d9/fast && /usr/bin/gmake  -f CMakeFiles/cmTC_624d9.dir/build.make CMakeFiles/cmTC_624d9.dir/build
gmake[1]: Entering directory '/home/zdunek/Desktop/Bank-managment-system/build/CMakeFiles/CMakeTmp'
Building C object CMakeFiles/cmTC_624d9.dir/CheckFunctionExists.c.o
/bin/x86_64-redhat-linux-gcc-9   -DCHECK_FUNCTION_EXISTS=pthread_create -fPIE   -o CMakeFiles/cmTC_624d9.dir/CheckFunctionExists.c.o   -c /usr/share/cmake/Modules/CheckFunctionExists.c
Linking C executable cmTC_624d9
/usr/bin/cmake -E cmake_link_script CMakeFiles/cmTC_624d9.dir/link.txt --verbose=1
/bin/x86_64-redhat-linux-gcc-9  -DCHECK_FUNCTION_EXISTS=pthread_create    -rdynamic CMakeFiles/cmTC_624d9.dir/CheckFunctionExists.c.o  -o cmTC_624d9  -lpthreads 
/usr/bin/ld: cannot find -lpthreads
collect2: error: ld returned 1 exit status
gmake[1]: *** [CMakeFiles/cmTC_624d9.dir/build.make:107: cmTC_624d9] Error 1
gmake[1]: Leaving directory '/home/zdunek/Desktop/Bank-managment-system/build/CMakeFiles/CMakeTmp'
gmake: *** [Makefile:141: cmTC_624d9/fast] Error 2



